[2m2026-03-16T03:54:28.401736Z[0m [32m INFO[0m [2mexecution_engine[0m[2m:[0m NBA Execution Engine v2 (testnet signing) starting…
[2m2026-03-16T03:54:28.401821Z[0m [32m INFO[0m [2mexecution_engine[0m[2m:[0m Test wallet address : 0xe0d46b2474bfbac1ee2b467ffd2027fcdb9fc00a
[2m2026-03-16T03:54:28.401827Z[0m [32m INFO[0m [2mexecution_engine[0m[2m:[0m Chain               : Polygon (ID 137) — no real funds
[2m2026-03-16T03:54:28.402221Z[0m [32m INFO[0m [2mexecution_engine[0m[2m:[0m SQLite ready at ../trades.sqlite
[2m2026-03-16T03:54:28.402283Z[0m [32m INFO[0m [2mexecution_engine[0m[2m:[0m Wallet state loaded: address=0xe0d46b2474bfbac1ee2b467ffd2027fcdb9fc00a  balance=$7516.55
[2m2026-03-16T03:54:28.407508Z[0m [32m INFO[0m [2mexecution_engine[0m[2m:[0m HTTP server listening on 0.0.0.0:4000
[2m2026-03-16T03:54:28.408759Z[0m [32m INFO[0m [2mexecution_engine[0m[2m:[0m server.py healthy (primary predictions): {"feature_engine_ready":true,"games_tracked":1,"market_odds_loaded":21,"models_loaded":true,"polling_active":true,"status":"healthy"}
[2m2026-03-16T03:54:28.410916Z[0m [32m INFO[0m [2mexecution_engine[0m[2m:[0m Alpha Engine healthy (fallback): {"feature_engine_ready":true,"model_loaded":true,"status":"ok","version":"2.0"}
[2m2026-03-16T03:54:30.037713Z[0m [32m INFO[0m [2mexecution_engine[0m[2m:[0m Game market: "Trail Blazers vs. 76ers"  start=2026-03-15 22:00:00+00  away=Trail Blazers (0%)  home=76ers (100%)
[2m2026-03-16T03:54:30.037773Z[0m [32m INFO[0m [2mexecution_engine[0m[2m:[0m Game market: "Warriors vs. Knicks"  start=2026-03-16 00:00:00+00  away=Warriors (0%)  home=Knicks (100%)
[2m2026-03-16T03:54:30.037794Z[0m [32m INFO[0m [2mexecution_engine[0m[2m:[0m Game market: "Jazz vs. Kings"  start=2026-03-16 02:00:00+00  away=Jazz (30%)  home=Kings (70%)
[2m2026-03-16T03:54:30.037812Z[0m [32m INFO[0m [2mexecution_engine[0m[2m:[0m Game market: "Magic vs. Hawks"  start=2026-03-16 23:00:00+00  away=Magic (44%)  home=Hawks (56%)
[2m2026-03-16T03:54:30.037820Z[0m [32m INFO[0m [2mexecution_engine[0m[2m:[0m Game market: "Warriors vs. Wizards"  start=2026-03-16 23:00:00+00  away=Warriors (74%)  home=Wizards (26%)
[2m2026-03-16T03:54:30.037828Z[0m [32m INFO[0m [2mexecution_engine[0m[2m:[0m Game market: "Trail Blazers vs. Nets"  start=2026-03-16 23:30:00+00  away=Trail Blazers (78%)  home=Nets (22%)
[2m2026-03-16T03:54:30.037835Z[0m [32m INFO[0m [2mexecution_engine[0m[2m:[0m Game market: "Suns vs. Celtics"  start=2026-03-16 23:30:00+00  away=Suns (22%)  home=Celtics (78%)
[2m2026-03-16T03:54:30.037843Z[0m [32m INFO[0m [2mexecution_engine[0m[2m:[0m Game market: "Grizzlies vs. Bulls"  start=2026-03-17 00:00:00+00  away=Grizzlies (30%)  home=Bulls (70%)
[2m2026-03-16T03:54:30.037850Z[0m [32m INFO[0m [2mexecution_engine[0m[2m:[0m Game market: "Mavericks vs. Pelicans"  start=2026-03-17 00:00:00+00  away=Mavericks (26%)  home=Pelicans (74%)
[2m2026-03-16T03:54:30.037857Z[0m [32m INFO[0m [2mexecution_engine[0m[2m:[0m Game market: "Lakers vs. Rockets"  start=2026-03-17 01:30:00+00  away=Lakers (44%)  home=Rockets (56%)
[2m2026-03-16T03:54:30.037871Z[0m [32m INFO[0m [2mexecution_engine[0m[2m:[0m Game market: "Spurs vs. Clippers"  start=2026-03-17 02:00:00+00  away=Spurs (78%)  home=Clippers (22%)
[2m2026-03-16T03:54:30.037878Z[0m [32m INFO[0m [2mexecution_engine[0m[2m:[0m Game market: "Heat vs. Hornets"  start=2026-03-17 23:00:00+00  away=Heat (44%)  home=Hornets (56%)
[2m2026-03-16T03:54:30.037883Z[0m [32m INFO[0m [2mexecution_engine[0m[2m:[0m Game market: "Thunder vs. Magic"  start=2026-03-17 23:00:00+00  away=Thunder (74%)  home=Magic (26%)
[2m2026-03-16T03:54:30.037888Z[0m [32m INFO[0m [2mexecution_engine[0m[2m:[0m Game market: "Pistons vs. Wizards"  start=2026-03-17 23:00:00+00  away=Pistons (87%)  home=Wizards (13%)
[2m2026-03-16T03:54:30.037894Z[0m [32m INFO[0m [2mexecution_engine[0m[2m:[0m Game market: "Pacers vs. Knicks"  start=2026-03-17 23:30:00+00  away=Pacers (14%)  home=Knicks (86%)
[2m2026-03-16T03:54:30.037912Z[0m [32m INFO[0m [2mexecution_engine[0m[2m:[0m Game market: "Cavaliers vs. Bucks"  start=2026-03-18 00:00:00+00  away=Cavaliers (77%)  home=Bucks (23%)
[2m2026-03-16T03:54:30.037918Z[0m [32m INFO[0m [2mexecution_engine[0m[2m:[0m Game market: "Suns vs. Timberwolves"  start=2026-03-18 00:00:00+00  away=Suns (24%)  home=Timberwolves (76%)
[2m2026-03-16T03:54:30.037923Z[0m [32m INFO[0m [2mexecution_engine[0m[2m:[0m Game market: "76ers vs. Nuggets"  start=2026-03-18 02:00:00+00  away=76ers (16%)  home=Nuggets (84%)
[2m2026-03-16T03:54:30.037928Z[0m [32m INFO[0m [2mexecution_engine[0m[2m:[0m Game market: "Spurs vs. Kings"  start=2026-03-18 02:00:00+00  away=Spurs (86%)  home=Kings (14%)
[2m2026-03-16T03:54:30.037955Z[0m [32m INFO[0m [2mexecution_engine[0m[2m:[0m Found 19 live NBA game moneyline markets
[2m2026-03-16T03:54:30.037959Z[0m [32m INFO[0m [2mexecution_engine[0m[2m:[0m (Re)connecting WebSocket ingestion loop…
[2m2026-03-16T03:54:30.038156Z[0m [32m INFO[0m [2mexecution_engine[0m[2m:[0m Restored 16 open positions from DB (16 total buys across all games)
[2m2026-03-16T03:54:30.038165Z[0m [32m INFO[0m [2mexecution_engine[0m[2m:[0m Connecting to Polymarket WebSocket — 38 tokens / 19 markets
[2m2026-03-16T03:54:30.948168Z[0m [32m INFO[0m [2mexecution_engine[0m[2m:[0m WebSocket connected
[2m2026-03-16T03:54:30.948411Z[0m [32m INFO[0m [2mexecution_engine[0m[2m:[0m Subscription sent — tracking 16 open positions
[2m2026-03-16T03:54:32.118059Z[0m [32m INFO[0m [2mexecution_engine[0m[2m:[0m Tick  game="Jazz vs. Kings"  team=Kings  is_home=true  market_prob=0.830
[2m2026-03-16T03:54:33.058425Z[0m [32m INFO[0m [2mexecution_engine[0m[2m:[0m Tick  game="Jazz vs. Kings"  team=Kings  is_home=true  market_prob=0.840
[2m2026-03-16T03:54:34.105874Z[0m [32m INFO[0m [2mexecution_engine[0m[2m:[0m Tick  game="Jazz vs. Kings"  team=Jazz  is_home=false  market_prob=0.170
[2m2026-03-16T03:54:34.108659Z[0m [32m INFO[0m [2mexecution_engine[0m[2m:[0m Tick  game="Jazz vs. Kings"  team=Kings  is_home=true  market_prob=0.850
[2m2026-03-16T03:54:34.109288Z[0m [32m INFO[0m [2mexecution_engine[0m[2m:[0m Tick  game="Jazz vs. Kings"  team=Jazz  is_home=false  market_prob=0.170
[2m2026-03-16T03:54:36.042142Z[0m [32m INFO[0m [2mexecution_engine[0m[2m:[0m Tick  game="Jazz vs. Kings"  team=Kings  is_home=true  market_prob=0.850
[2m2026-03-16T03:54:36.044386Z[0m [32m INFO[0m [2mexecution_engine[0m[2m:[0m Tick  game="Jazz vs. Kings"  team=Jazz  is_home=false  market_prob=0.160
[2m2026-03-16T03:54:37.045980Z[0m [32m INFO[0m [2mexecution_engine[0m[2m:[0m Tick  game="Jazz vs. Kings"  team=Kings  is_home=true  market_prob=0.850
[2m2026-03-16T03:54:37.053442Z[0m [32m INFO[0m [2mexecution_engine[0m[2m:[0m Tick  game="Jazz vs. Kings"  team=Kings  is_home=true  market_prob=0.850
[2m2026-03-16T03:54:37.055265Z[0m [32m INFO[0m [2mexecution_engine[0m[2m:[0m Tick  game="Jazz vs. Kings"  team=Kings  is_home=true  market_prob=0.850
[2m2026-03-16T03:54:38.052130Z[0m [32m INFO[0m [2mexecution_engine[0m[2m:[0m Tick  game="Jazz vs. Kings"  team=Jazz  is_home=false  market_prob=0.150
[2m2026-03-16T03:54:39.064443Z[0m [32m INFO[0m [2mexecution_engine[0m[2m:[0m Tick  game="Jazz vs. Kings"  team=Jazz  is_home=false  market_prob=0.160
[2m2026-03-16T03:54:39.568030Z[0m [32m INFO[0m [2mexecution_engine[0m[2m:[0m Tick  game="Grizzlies vs. Bulls"  team=Grizzlies  is_home=false  market_prob=0.300
[2m2026-03-16T03:54:40.287859Z[0m [32m INFO[0m [2mexecution_engine[0m[2m:[0m Tick  game="Jazz vs. Kings"  team=Kings  is_home=true  market_prob=0.860
[2m2026-03-16T03:54:41.051162Z[0m [32m INFO[0m [2mexecution_engine[0m[2m:[0m Tick  game="Jazz vs. Kings"  team=Jazz  is_home=false  market_prob=0.160
[2m2026-03-16T03:54:41.063868Z[0m [32m INFO[0m [2mexecution_engine[0m[2m:[0m Tick  game="Jazz vs. Kings"  team=Kings  is_home=true  market_prob=0.850
[2m2026-03-16T03:54:41.072943Z[0m [32m INFO[0m [2mexecution_engine[0m[2m:[0m Tick  game="Jazz vs. Kings"  team=Jazz  is_home=false  market_prob=0.160
[2m2026-03-16T03:54:41.105253Z[0m [32m INFO[0m [2mexecution_engine[0m[2m:[0m Tick  game="Jazz vs. Kings"  team=Kings  is_home=true  market_prob=0.850
[2m2026-03-16T03:54:42.086188Z[0m [32m INFO[0m [2mexecution_engine[0m[2m:[0m Tick  game="Jazz vs. Kings"  team=Kings  is_home=true  market_prob=0.840
[2m2026-03-16T03:54:43.064703Z[0m [32m INFO[0m [2mexecution_engine[0m[2m:[0m Tick  game="Jazz vs. Kings"  team=Kings  is_home=true  market_prob=0.840
[2m2026-03-16T03:54:44.700796Z[0m [32m INFO[0m [2mexecution_engine[0m[2m:[0m Tick  game="Warriors vs. Wizards"  team=Wizards  is_home=true  market_prob=0.260
[2m2026-03-16T03:54:48.042484Z[0m [32m INFO[0m [2mexecution_engine[0m[2m:[0m Tick  game="Jazz vs. Kings"  team=Jazz  is_home=false  market_prob=0.170
[2m2026-03-16T03:54:48.052752Z[0m [32m INFO[0m [2mexecution_engine[0m[2m:[0m Tick  game="Jazz vs. Kings"  team=Jazz  is_home=false  market_prob=0.160
[2m2026-03-16T03:54:48.055211Z[0m [32m INFO[0m [2mexecution_engine[0m[2m:[0m Tick  game="Jazz vs. Kings"  team=Kings  is_home=true  market_prob=0.830
[2m2026-03-16T03:54:49.069194Z[0m [32m INFO[0m [2mexecution_engine[0m[2m:[0m Tick  game="Jazz vs. Kings"  team=Jazz  is_home=false  market_prob=0.170
[2m2026-03-16T03:54:52.048347Z[0m [32m INFO[0m [2mexecution_engine[0m[2m:[0m Tick  game="Jazz vs. Kings"  team=Jazz  is_home=false  market_prob=0.160
[2m2026-03-16T03:54:53.063448Z[0m [32m INFO[0m [2mexecution_engine[0m[2m:[0m Tick  game="Jazz vs. Kings"  team=Kings  is_home=true  market_prob=0.840
[2m2026-03-16T03:54:55.052007Z[0m [32m INFO[0m [2mexecution_engine[0m[2m:[0m Tick  game="Jazz vs. Kings"  team=Kings  is_home=true  market_prob=0.840
[2m2026-03-16T03:54:57.057870Z[0m [32m INFO[0m [2mexecution_engine[0m[2m:[0m Tick  game="Jazz vs. Kings"  team=Jazz  is_home=false  market_prob=0.160
[2m2026-03-16T03:54:58.064264Z[0m [32m INFO[0m [2mexecution_engine[0m[2m:[0m Tick  game="Jazz vs. Kings"  team=Kings  is_home=true  market_prob=0.840
[2m2026-03-16T03:54:58.071443Z[0m [32m INFO[0m [2mexecution_engine[0m[2m:[0m Tick  game="Jazz vs. Kings"  team=Kings  is_home=true  market_prob=0.860
[2m2026-03-16T03:54:58.076345Z[0m [32m INFO[0m [2mexecution_engine[0m[2m:[0m Tick  game="Jazz vs. Kings"  team=Kings  is_home=true  market_prob=0.860
[2m2026-03-16T03:55:00.061808Z[0m [32m INFO[0m [2mexecution_engine[0m[2m:[0m Tick  game="Jazz vs. Kings"  team=Kings  is_home=true  market_prob=0.860
[2m2026-03-16T03:55:02.043052Z[0m [32m INFO[0m [2mexecution_engine[0m[2m:[0m Tick  game="Jazz vs. Kings"  team=Kings  is_home=true  market_prob=0.870
[2m2026-03-16T03:55:02.101274Z[0m [32m INFO[0m [2mexecution_engine[0m[2m:[0m Tick  game="Warriors vs. Wizards"  team=Warriors  is_home=false  market_prob=0.750
[2m2026-03-16T03:55:03.097277Z[0m [32m INFO[0m [2mexecution_engine[0m[2m:[0m Tick  game="Jazz vs. Kings"  team=Kings  is_home=true  market_prob=0.880
[2m2026-03-16T03:55:03.099712Z[0m [32m INFO[0m [2mexecution_engine[0m[2m:[0m Tick  game="Jazz vs. Kings"  team=Kings  is_home=true  market_prob=0.880
[2m2026-03-16T03:55:03.101270Z[0m [32m INFO[0m [2mexecution_engine[0m[2m:[0m Tick  game="Jazz vs. Kings"  team=Kings  is_home=true  market_prob=0.880
[2m2026-03-16T03:55:05.010898Z[0m [32m INFO[0m [2mexecution_engine[0m[2m:[0m Tick  game="Mavericks vs. Pelicans"  team=Pelicans  is_home=true  market_prob=0.740
[2m2026-03-16T03:55:05.055140Z[0m [32m INFO[0m [2mexecution_engine[0m[2m:[0m Tick  game="Jazz vs. Kings"  team=Kings  is_home=true  market_prob=0.880
[2m2026-03-16T03:55:05.056584Z[0m [32m INFO[0m [2mexecution_engine[0m[2m:[0m Tick  game="Jazz vs. Kings"  team=Kings  is_home=true  market_prob=0.880
[2m2026-03-16T03:55:05.057418Z[0m [32m INFO[0m [2mexecution_engine[0m[2m:[0m Tick  game="Jazz vs. Kings"  team=Jazz  is_home=false  market_prob=0.130
[2m2026-03-16T03:55:05.062908Z[0m [32m INFO[0m [2mexecution_engine[0m[2m:[0m Tick  game="Jazz vs. Kings"  team=Kings  is_home=true  market_prob=0.870
[2m2026-03-16T03:55:05.063666Z[0m [32m INFO[0m [2mexecution_engine[0m[2m:[0m Tick  game="Jazz vs. Kings"  team=Kings  is_home=true  market_prob=0.870
[2m2026-03-16T03:55:08.055017Z[0m [32m INFO[0m [2mexecution_engine[0m[2m:[0m Tick  game="Jazz vs. Kings"  team=Jazz  is_home=false  market_prob=0.140
[2m2026-03-16T03:55:08.591567Z[0m [32m INFO[0m [2mexecution_engine[0m[2m:[0m Tick  game="Thunder vs. Magic"  team=Thunder  is_home=false  market_prob=0.730
[2m2026-03-16T03:55:10.351690Z[0m [32m INFO[0m [2mexecution_engine[0m[2m:[0m Tick  game="Magic vs. Hawks"  team=Magic  is_home=false  market_prob=0.450
[2m2026-03-16T03:55:11.073654Z[0m [32m INFO[0m [2mexecution_engine[0m[2m:[0m Tick  game="Magic vs. Hawks"  team=Magic  is_home=false  market_prob=0.450
[2m2026-03-16T03:55:12.048542Z[0m [32m INFO[0m [2mexecution_engine[0m[2m:[0m Tick  game="Jazz vs. Kings"  team=Jazz  is_home=false  market_prob=0.140
[2m2026-03-16T03:55:13.027786Z[0m [32m INFO[0m [2mexecution_engine[0m[2m:[0m Tick  game="Magic vs. Hawks"  team=Hawks  is_home=true  market_prob=0.560
[2m2026-03-16T03:55:13.051320Z[0m [32m INFO[0m [2mexecution_engine[0m[2m:[0m Tick  game="Jazz vs. Kings"  team=Kings  is_home=true  market_prob=0.880
[2m2026-03-16T03:55:14.120662Z[0m [32m INFO[0m [2mexecution_engine[0m[2m:[0m Tick  game="Magic vs. Hawks"  team=Magic  is_home=false  market_prob=0.450
[2m2026-03-16T03:55:16.050891Z[0m [32m INFO[0m [2mexecution_engine[0m[2m:[0m Tick  game="Jazz vs. Kings"  team=Kings  is_home=true  market_prob=0.890
[2m2026-03-16T03:55:17.063884Z[0m [32m INFO[0m [2mexecution_engine[0m[2m:[0m Tick  game="Jazz vs. Kings"  team=Kings  is_home=true  market_prob=0.890
[2m2026-03-16T03:55:18.093151Z[0m [32m INFO[0m [2mexecution_engine[0m[2m:[0m Tick  game="Jazz vs. Kings"  team=Kings  is_home=true  market_prob=0.890
[2m2026-03-16T03:55:18.095797Z[0m [32m INFO[0m [2mexecution_engine[0m[2m:[0m Tick  game="Jazz vs. Kings"  team=Kings  is_home=true  market_prob=0.900
[2m2026-03-16T03:55:18.097992Z[0m [32m INFO[0m [2mexecution_engine[0m[2m:[0m Tick  game="Jazz vs. Kings"  team=Jazz  is_home=false  market_prob=0.110
[2m2026-03-16T03:55:19.089122Z[0m [32m INFO[0m [2mexecution_engine[0m[2m:[0m Tick  game="Jazz vs. Kings"  team=Kings  is_home=true  market_prob=0.900
[2m2026-03-16T03:55:19.113687Z[0m [32m INFO[0m [2mexecution_engine[0m[2m:[0m Tick  game="Jazz vs. Kings"  team=Kings  is_home=true  market_prob=0.900
[2m2026-03-16T03:55:19.116640Z[0m [32m INFO[0m [2mexecution_engine[0m[2m:[0m Tick  game="Jazz vs. Kings"  team=Kings  is_home=true  market_prob=0.900
[2m2026-03-16T03:55:20.012874Z[0m [32m INFO[0m [2mexecution_engine[0m[2m:[0m Tick  game="Warriors vs. Wizards"  team=Wizards  is_home=true  market_prob=0.260
[2m2026-03-16T03:55:20.725695Z[0m [32m INFO[0m [2mexecution_engine[0m[2m:[0m Tick  game="Warriors vs. Wizards"  team=Warriors  is_home=false  market_prob=0.750
[2m2026-03-16T03:55:21.053573Z[0m [32m INFO[0m [2mexecution_engine[0m[2m:[0m Tick  game="Jazz vs. Kings"  team=Kings  is_home=true  market_prob=0.900
[2m2026-03-16T03:55:21.057169Z[0m [32m INFO[0m [2mexecution_engine[0m[2m:[0m Tick  game="Jazz vs. Kings"  team=Kings  is_home=true  market_prob=0.900
[2m2026-03-16T03:55:21.095212Z[0m [32m INFO[0m [2mexecution_engine[0m[2m:[0m Tick  game="Jazz vs. Kings"  team=Kings  is_home=true  market_prob=0.900
[2m2026-03-16T03:55:21.097202Z[0m [32m INFO[0m [2mexecution_engine[0m[2m:[0m Tick  game="Jazz vs. Kings"  team=Kings  is_home=true  market_prob=0.900
[2m2026-03-16T03:55:23.063043Z[0m [32m INFO[0m [2mexecution_engine[0m[2m:[0m Tick  game="Jazz vs. Kings"  team=Jazz  is_home=false  market_prob=0.110
[2m2026-03-16T03:55:25.129777Z[0m [32m INFO[0m [2mexecution_engine[0m[2m:[0m Tick  game="Jazz vs. Kings"  team=Kings  is_home=true  market_prob=0.900
[2m2026-03-16T03:55:25.132866Z[0m [32m INFO[0m [2mexecution_engine[0m[2m:[0m Tick  game="Jazz vs. Kings"  team=Kings  is_home=true  market_prob=0.900
[2m2026-03-16T03:55:25.134930Z[0m [32m INFO[0m [2mexecution_engine[0m[2m:[0m Tick  game="Jazz vs. Kings"  team=Kings  is_home=true  market_prob=0.900
[2m2026-03-16T03:55:25.137036Z[0m [32m INFO[0m [2mexecution_engine[0m[2m:[0m Tick  game="Jazz vs. Kings"  team=Kings  is_home=true  market_prob=0.900
[2m2026-03-16T03:55:25.139231Z[0m [32m INFO[0m [2mexecution_engine[0m[2m:[0m Tick  game="Jazz vs. Kings"  team=Kings  is_home=true  market_prob=0.900
[2m2026-03-16T03:55:25.925408Z[0m [32m INFO[0m [2mexecution_engine[0m[2m:[0m Tick  game="Lakers vs. Rockets"  team=Lakers  is_home=false  market_prob=0.440
[2m2026-03-16T03:55:27.097387Z[0m [32m INFO[0m [2mexecution_engine[0m[2m:[0m Tick  game="Jazz vs. Kings"  team=Kings  is_home=true  market_prob=0.890
[2m2026-03-16T03:55:28.048186Z[0m [32m INFO[0m [2mexecution_engine[0m[2m:[0m Tick  game="Jazz vs. Kings"  team=Jazz  is_home=false  market_prob=0.110
[2m2026-03-16T03:55:30.093085Z[0m [32m INFO[0m [2mexecution_engine[0m[2m:[0m Tick  game="Jazz vs. Kings"  team=Kings  is_home=true  market_prob=0.900
[2m2026-03-16T03:55:30.096852Z[0m [32m INFO[0m [2mexecution_engine[0m[2m:[0m Tick  game="Jazz vs. Kings"  team=Kings  is_home=true  market_prob=0.900
[2m2026-03-16T03:55:31.107325Z[0m [32m INFO[0m [2mexecution_engine[0m[2m:[0m Tick  game="Jazz vs. Kings"  team=Jazz  is_home=false  market_prob=0.100
[2m2026-03-16T03:55:31.109579Z[0m [32m INFO[0m [2mexecution_engine[0m[2m:[0m Tick  game="Jazz vs. Kings"  team=Kings  is_home=true  market_prob=0.900
[2m2026-03-16T03:55:31.110734Z[0m [32m INFO[0m [2mexecution_engine[0m[2m:[0m Tick  game="Jazz vs. Kings"  team=Kings  is_home=true  market_prob=0.890
[2m2026-03-16T03:55:32.043991Z[0m [32m INFO[0m [2mexecution_engine[0m[2m:[0m Tick  game="Jazz vs. Kings"  team=Jazz  is_home=false  market_prob=0.100
[2m2026-03-16T03:55:33.103271Z[0m [32m INFO[0m [2mexecution_engine[0m[2m:[0m Tick  game="Jazz vs. Kings"  team=Jazz  is_home=false  market_prob=0.110
[2m2026-03-16T03:55:34.056453Z[0m [32m INFO[0m [2mexecution_engine[0m[2m:[0m Tick  game="Jazz vs. Kings"  team=Kings  is_home=true  market_prob=0.910
[2m2026-03-16T03:55:34.059268Z[0m [32m INFO[0m [2mexecution_engine[0m[2m:[0m Tick  game="Jazz vs. Kings"  team=Kings  is_home=true  market_prob=0.910
[2m2026-03-16T03:55:34.061410Z[0m [32m INFO[0m [2mexecution_engine[0m[2m:[0m Tick  game="Jazz vs. Kings"  team=Kings  is_home=true  market_prob=0.910
[2m2026-03-16T03:55:35.077737Z[0m [32m INFO[0m [2mexecution_engine[0m[2m:[0m Tick  game="Jazz vs. Kings"  team=Kings  is_home=true  market_prob=0.910
[2m2026-03-16T03:55:37.049183Z[0m [32m INFO[0m [2mexecution_engine[0m[2m:[0m Tick  game="Jazz vs. Kings"  team=Kings  is_home=true  market_prob=0.920
[2m2026-03-16T03:55:37.050911Z[0m [32m INFO[0m [2mexecution_engine[0m[2m:[0m Tick  game="Jazz vs. Kings"  team=Kings  is_home=true  market_prob=0.920
[2m2026-03-16T03:55:37.052031Z[0m [32m INFO[0m [2mexecution_engine[0m[2m:[0m Tick  game="Jazz vs. Kings"  team=Kings  is_home=true  market_prob=0.920
[2m2026-03-16T03:55:38.054776Z[0m [32m INFO[0m [2mexecution_engine[0m[2m:[0m Tick  game="Jazz vs. Kings"  team=Kings  is_home=true  market_prob=0.920
[2m2026-03-16T03:55:38.062252Z[0m [32m INFO[0m [2mexecution_engine[0m[2m:[0m Tick  game="Jazz vs. Kings"  team=Kings  is_home=true  market_prob=0.920
[2m2026-03-16T03:55:40.057105Z[0m [32m INFO[0m [2mexecution_engine[0m[2m:[0m Tick  game="Jazz vs. Kings"  team=Kings  is_home=true  market_prob=0.920
[2m2026-03-16T03:55:40.061271Z[0m [32m INFO[0m [2mexecution_engine[0m[2m:[0m Tick  game="Jazz vs. Kings"  team=Kings  is_home=true  market_prob=0.920
[2m2026-03-16T03:55:40.062752Z[0m [32m INFO[0m [2mexecution_engine[0m[2m:[0m Tick  game="Jazz vs. Kings"  team=Kings  is_home=true  market_prob=0.920
[2m2026-03-16T03:55:40.063986Z[0m [32m INFO[0m [2mexecution_engine[0m[2m:[0m Tick  game="Jazz vs. Kings"  team=Kings  is_home=true  market_prob=0.920
[2m2026-03-16T03:55:40.064934Z[0m [32m INFO[0m [2mexecution_engine[0m[2m:[0m Tick  game="Jazz vs. Kings"  team=Kings  is_home=true  market_prob=0.920
[2m2026-03-16T03:55:42.120466Z[0m [32m INFO[0m [2mexecution_engine[0m[2m:[0m Tick  game="Jazz vs. Kings"  team=Jazz  is_home=false  market_prob=0.080
[2m2026-03-16T03:55:42.124485Z[0m [32m INFO[0m [2mexecution_engine[0m[2m:[0m Tick  game="Jazz vs. Kings"  team=Kings  is_home=true  market_prob=0.930
[2m2026-03-16T03:55:42.426187Z[0m [32m INFO[0m [2mexecution_engine[0m[2m:[0m Tick  game="Pistons vs. Wizards"  team=Pistons  is_home=false  market_prob=0.880
[2m2026-03-16T03:55:43.051533Z[0m [32m INFO[0m [2mexecution_engine[0m[2m:[0m Tick  game="Jazz vs. Kings"  team=Kings  is_home=true  market_prob=0.930
[2m2026-03-16T03:55:45.046111Z[0m [32m INFO[0m [2mexecution_engine[0m[2m:[0m Tick  game="Jazz vs. Kings"  team=Kings  is_home=true  market_prob=0.930
[2m2026-03-16T03:55:45.051406Z[0m [32m INFO[0m [2mexecution_engine[0m[2m:[0m Tick  game="Jazz vs. Kings"  team=Kings  is_home=true  market_prob=0.930
[2m2026-03-16T03:55:45.053424Z[0m [32m INFO[0m [2mexecution_engine[0m[2m:[0m Tick  game="Jazz vs. Kings"  team=Kings  is_home=true  market_prob=0.930
[2m2026-03-16T03:55:45.054133Z[0m [32m INFO[0m [2mexecution_engine[0m[2m:[0m Tick  game="Jazz vs. Kings"  team=Kings  is_home=true  market_prob=0.930
[2m2026-03-16T03:55:45.055467Z[0m [32m INFO[0m [2mexecution_engine[0m[2m:[0m Tick  game="Jazz vs. Kings"  team=Jazz  is_home=false  market_prob=0.070
[2m2026-03-16T03:55:45.058269Z[0m [32m INFO[0m [2mexecution_engine[0m[2m:[0m Tick  game="Jazz vs. Kings"  team=Kings  is_home=true  market_prob=0.920
[2m2026-03-16T03:55:48.066351Z[0m [32m INFO[0m [2mexecution_engine[0m[2m:[0m Tick  game="Jazz vs. Kings"  team=Kings  is_home=true  market_prob=0.940
[2m2026-03-16T03:55:48.070384Z[0m [32m INFO[0m [2mexecution_engine[0m[2m:[0m Tick  game="Jazz vs. Kings"  team=Kings  is_home=true  market_prob=0.930
[2m2026-03-16T03:55:48.072386Z[0m [32m INFO[0m [2mexecution_engine[0m[2m:[0m Tick  game="Jazz vs. Kings"  team=Kings  is_home=true  market_prob=0.940
[2m2026-03-16T03:55:49.091713Z[0m [32m INFO[0m [2mexecution_engine[0m[2m:[0m Tick  game="Jazz vs. Kings"  team=Kings  is_home=true  market_prob=0.930
[2m2026-03-16T03:55:49.094255Z[0m [32m INFO[0m [2mexecution_engine[0m[2m:[0m Tick  game="Jazz vs. Kings"  team=Kings  is_home=true  market_prob=0.940
[2m2026-03-16T03:55:51.048803Z[0m [32m INFO[0m [2mexecution_engine[0m[2m:[0m Tick  game="Jazz vs. Kings"  team=Jazz  is_home=false  market_prob=0.070
[2m2026-03-16T03:55:51.054644Z[0m [32m INFO[0m [2mexecution_engine[0m[2m:[0m Tick  game="Jazz vs. Kings"  team=Kings  is_home=true  market_prob=0.940
[2m2026-03-16T03:55:51.056851Z[0m [32m INFO[0m [2mexecution_engine[0m[2m:[0m Tick  game="Jazz vs. Kings"  team=Jazz  is_home=false  market_prob=0.060
[2m2026-03-16T03:55:51.061666Z[0m [32m INFO[0m [2mexecution_engine[0m[2m:[0m Tick  game="Jazz vs. Kings"  team=Kings  is_home=true  market_prob=0.950
[2m2026-03-16T03:55:52.075806Z[0m [32m INFO[0m [2mexecution_engine[0m[2m:[0m Tick  game="Jazz vs. Kings"  team=Jazz  is_home=false  market_prob=0.050
[2m2026-03-16T03:55:52.631025Z[0m [32m INFO[0m [2mexecution_engine[0m[2m:[0m Tick  game="Lakers vs. Rockets"  team=Lakers  is_home=false  market_prob=0.450
[2m2026-03-16T03:55:54.056289Z[0m [32m INFO[0m [2mexecution_engine[0m[2m:[0m Tick  game="Jazz vs. Kings"  team=Jazz  is_home=false  market_prob=0.060
[2m2026-03-16T03:55:54.068262Z[0m [32m INFO[0m [2mexecution_engine[0m[2m:[0m Tick  game="Jazz vs. Kings"  team=Kings  is_home=true  market_prob=0.950
[2m2026-03-16T03:55:55.089133Z[0m [32m INFO[0m [2mexecution_engine[0m[2m:[0m Tick  game="Jazz vs. Kings"  team=Kings  is_home=true  market_prob=0.950
[2m2026-03-16T03:55:55.090484Z[0m [32m INFO[0m [2mexecution_engine[0m[2m:[0m Tick  game="Jazz vs. Kings"  team=Kings  is_home=true  market_prob=0.950
[2m2026-03-16T03:55:55.091459Z[0m [32m INFO[0m [2mexecution_engine[0m[2m:[0m Tick  game="Jazz vs. Kings"  team=Kings  is_home=true  market_prob=0.950
[2m2026-03-16T03:55:55.092455Z[0m [32m INFO[0m [2mexecution_engine[0m[2m:[0m Tick  game="Jazz vs. Kings"  team=Kings  is_home=true  market_prob=0.950
[2m2026-03-16T03:55:55.093490Z[0m [32m INFO[0m [2mexecution_engine[0m[2m:[0m Tick  game="Jazz vs. Kings"  team=Jazz  is_home=false  market_prob=0.060
[2m2026-03-16T03:55:56.047983Z[0m [32m INFO[0m [2mexecution_engine[0m[2m:[0m Tick  game="Jazz vs. Kings"  team=Jazz  is_home=false  market_prob=0.060
[2m2026-03-16T03:55:56.050919Z[0m [32m INFO[0m [2mexecution_engine[0m[2m:[0m Tick  game="Jazz vs. Kings"  team=Jazz  is_home=false  market_prob=0.060
[2m2026-03-16T03:55:57.042839Z[0m [32m INFO[0m [2mexecution_engine[0m[2m:[0m Tick  game="Jazz vs. Kings"  team=Kings  is_home=true  market_prob=0.940
[2m2026-03-16T03:55:57.047637Z[0m [32m INFO[0m [2mexecution_engine[0m[2m:[0m Tick  game="Jazz vs. Kings"  team=Jazz  is_home=false  market_prob=0.060
[2m2026-03-16T03:55:58.050209Z[0m [32m INFO[0m [2mexecution_engine[0m[2m:[0m Tick  game="Jazz vs. Kings"  team=Jazz  is_home=false  market_prob=0.060
[2m2026-03-16T03:55:59.966784Z[0m [32m INFO[0m [2mexecution_engine[0m[2m:[0m Tick  game="Warriors vs. Wizards"  team=Wizards  is_home=true  market_prob=0.260
[2m2026-03-16T03:56:00.073770Z[0m [32m INFO[0m [2mexecution_engine[0m[2m:[0m Tick  game="Jazz vs. Kings"  team=Jazz  is_home=false  market_prob=0.060
[2m2026-03-16T03:56:00.077959Z[0m [32m INFO[0m [2mexecution_engine[0m[2m:[0m Tick  game="Jazz vs. Kings"  team=Jazz  is_home=false  market_prob=0.060
[2m2026-03-16T03:56:00.080597Z[0m [32m INFO[0m [2mexecution_engine[0m[2m:[0m Tick  game="Jazz vs. Kings"  team=Jazz  is_home=false  market_prob=0.060
[2m2026-03-16T03:56:00.468026Z[0m [32m INFO[0m [2mexecution_engine[0m[2m:[0m Tick  game="Trail Blazers vs. Nets"  team=Trail Blazers  is_home=false  market_prob=0.790
[2m2026-03-16T03:56:01.053971Z[0m [32m INFO[0m [2mexecution_engine[0m[2m:[0m Tick  game="Jazz vs. Kings"  team=Jazz  is_home=false  market_prob=0.050
[2m2026-03-16T03:56:02.140893Z[0m [32m INFO[0m [2mexecution_engine[0m[2m:[0m Tick  game="Jazz vs. Kings"  team=Jazz  is_home=false  market_prob=0.060
[2m2026-03-16T03:56:03.216369Z[0m [32m INFO[0m [2mexecution_engine[0m[2m:[0m Tick  game="Jazz vs. Kings"  team=Jazz  is_home=false  market_prob=0.060
[2m2026-03-16T03:56:04.063309Z[0m [32m INFO[0m [2mexecution_engine[0m[2m:[0m Tick  game="Jazz vs. Kings"  team=Jazz  is_home=false  market_prob=0.050
[2m2026-03-16T03:56:04.892965Z[0m [32m INFO[0m [2mexecution_engine[0m[2m:[0m Tick  game="Warriors vs. Wizards"  team=Wizards  is_home=true  market_prob=0.260
[2m2026-03-16T03:56:06.056540Z[0m [32m INFO[0m [2mexecution_engine[0m[2m:[0m Tick  game="Jazz vs. Kings"  team=Jazz  is_home=false  market_prob=0.050
[2m2026-03-16T03:56:07.119820Z[0m [32m INFO[0m [2mexecution_engine[0m[2m:[0m Tick  game="Jazz vs. Kings"  team=Jazz  is_home=false  market_prob=0.060
[2m2026-03-16T03:56:07.130737Z[0m [32m INFO[0m [2mexecution_engine[0m[2m:[0m Tick  game="Jazz vs. Kings"  team=Jazz  is_home=false  market_prob=0.060
[2m2026-03-16T03:56:12.059138Z[0m [32m INFO[0m [2mexecution_engine[0m[2m:[0m Tick  game="Jazz vs. Kings"  team=Jazz  is_home=false  market_prob=0.060
[2m2026-03-16T03:56:13.046417Z[0m [32m INFO[0m [2mexecution_engine[0m[2m:[0m Tick  game="Jazz vs. Kings"  team=Jazz  is_home=false  market_prob=0.060
[2m2026-03-16T03:56:14.054127Z[0m [32m INFO[0m [2mexecution_engine[0m[2m:[0m Tick  game="Jazz vs. Kings"  team=Kings  is_home=true  market_prob=0.940
